Using pre-set license
Built from '2020.3/release' branch; Version is '2020.3.7f1 (dd97f2c94397) revision 14522354'; Using compiler version '192528614'; Build Type 'Release'
OS: 'Windows 10 Home Single Language; OS build 19042.985; Version 2009; 64bit' Language: 'en' Physical Memory: 7068 MB
BatchMode: 1, IsHumanControllingUs: 0, StartBugReporterOnCrash: 0, Is64bit: 1, IsPro: 0

 COMMAND LINE ARGUMENTS:
C:\Program Files\Unity\Hub\Editor\2020.3.7f1\Editor\Unity.exe
-adb2
-batchMode
-noUpm
-name
AssetImportWorker0
-projectPath
C:/Users/RajYash/Downloads/Unity-AI-Racing-cars-with-waypoints-master
-logFile
Logs/AssetImportWorker0.log
-srvPort
64504
Successfully changed project path to: C:/Users/RajYash/Downloads/Unity-AI-Racing-cars-with-waypoints-master
C:/Users/RajYash/Downloads/Unity-AI-Racing-cars-with-waypoints-master
Using Asset Import Pipeline V2.
Refreshing native plugins compatible for Editor in 114.73 ms, found 0 plugins.
Preloading 0 native plugins for Editor in 0.00 ms.
Initialize engine version: 2020.3.7f1 (dd97f2c94397)
[Subsystems] Discovering subsystems at path C:/Program Files/Unity/Hub/Editor/2020.3.7f1/Editor/Data/Resources/UnitySubsystems
[Subsystems] Discovering subsystems at path C:/Users/RajYash/Downloads/Unity-AI-Racing-cars-with-waypoints-master/Assets
GfxDevice: creating device client; threaded=0
Direct3D:
    Version:  Direct3D 11.0 [level 11.1]
    Renderer: Radeon RX 560X Series (ID=0x67ef)
    Vendor:   
    VRAM:     4075 MB
    Driver:   27.20.14501.18003
Initialize mono
Mono path[0] = 'C:/Program Files/Unity/Hub/Editor/2020.3.7f1/Editor/Data/Managed'
Mono path[1] = 'C:/Program Files/Unity/Hub/Editor/2020.3.7f1/Editor/Data/MonoBleedingEdge/lib/mono/unityjit'
Mono config path = 'C:/Program Files/Unity/Hub/Editor/2020.3.7f1/Editor/Data/MonoBleedingEdge/etc'
Using monoOptions --debugger-agent=transport=dt_socket,embedding=1,server=y,suspend=n,address=127.0.0.1:56036
Begin MonoManager ReloadAssembly
Registering precompiled unity dll's ...
Register platform support module: C:/Program Files/Unity/Hub/Editor/2020.3.7f1/Editor/Data/PlaybackEngines/WebGLSupport/UnityEditor.WebGL.Extensions.dll
Register platform support module: C:/Program Files/Unity/Hub/Editor/2020.3.7f1/Editor/Data/PlaybackEngines/WindowsStandaloneSupport/UnityEditor.WindowsStandalone.Extensions.dll
Registered in 0.005529 seconds.
Native extension for WindowsStandalone target not found
Native extension for WebGL target not found
Refreshing native plugins compatible for Editor in 70.34 ms, found 0 plugins.
Preloading 0 native plugins for Editor in 0.00 ms.
Mono: successfully reloaded assembly
- Completed reload, in  1.987 seconds
Platform modules already initialized, skipping
Registering precompiled user dll's ...
Registered in 0.003905 seconds.
Begin MonoManager ReloadAssembly
Native extension for WindowsStandalone target not found
Native extension for WebGL target not found
Refreshing native plugins compatible for Editor in 0.98 ms, found 0 plugins.
Preloading 0 native plugins for Editor in 0.00 ms.
Mono: successfully reloaded assembly
- Completed reload, in  1.602 seconds
Platform modules already initialized, skipping
========================================================================
Worker process is ready to serve import requests
Launched and connected shader compiler UnityShaderCompiler.exe after 0.09 seconds
Refreshing native plugins compatible for Editor in 1.70 ms, found 0 plugins.
Preloading 0 native plugins for Editor in 0.00 ms.
Unloading 1723 Unused Serialized files (Serialized files now loaded: 0)
System memory in use before: 78.6 MB.
System memory in use after: 78.7 MB.

Unloading 49 unused Assets to reduce memory usage. Loaded Objects now: 2151.
Total: 7.816900 ms (FindLiveObjects: 0.531400 ms CreateObjectMapping: 0.162900 ms MarkObjects: 6.996000 ms  DeleteObjects: 0.123100 ms)

========================================================================
Received Import Request.
  path: Assets/Scripts/AI/CarEngine.cs
  artifactKey: Guid(3a1e5cd6a60b3e340b3791e45ae2d0e0) Importer(815301076,1909f56bfc062723c751e8b465ee728b)
Start importing Assets/Scripts/AI/CarEngine.cs using Guid(3a1e5cd6a60b3e340b3791e45ae2d0e0) Importer(815301076,1909f56bfc062723c751e8b465ee728b)  -> (artifact id: '8b88e80992dae1adf0df8da8c1e93b79') in 0.055403 seconds
  Import took 0.061950 seconds .

========================================================================
Received Import Request.
  Time since last request: 44.052995 seconds.
  path: Assets/Scripts/AI/halfLapCompleteAI3.cs
  artifactKey: Guid(ebc40e0a4ca739b469224fee90291514) Importer(815301076,1909f56bfc062723c751e8b465ee728b)
Start importing Assets/Scripts/AI/halfLapCompleteAI3.cs using Guid(ebc40e0a4ca739b469224fee90291514) Importer(815301076,1909f56bfc062723c751e8b465ee728b)  -> (artifact id: '37099a58a772d77af278e6143eb9c9cf') in 0.013419 seconds
  Import took 0.018649 seconds .

========================================================================
Received Import Request.
  Time since last request: 2.113029 seconds.
  path: Assets/Scripts/AI/halfLapCompleAI1.cs
  artifactKey: Guid(a2b8021085300d34795d2e068d6a737a) Importer(815301076,1909f56bfc062723c751e8b465ee728b)
Start importing Assets/Scripts/AI/halfLapCompleAI1.cs using Guid(a2b8021085300d34795d2e068d6a737a) Importer(815301076,1909f56bfc062723c751e8b465ee728b)  -> (artifact id: '10036940fc3e9b731438c38f60777ff4') in 0.012885 seconds
  Import took 0.017853 seconds .

========================================================================
Received Import Request.
  Time since last request: 32.315713 seconds.
  path: Assets/WaypointManagerScript.cs
  artifactKey: Guid(9fc0c5ea95b94e6428cd226d94f12af5) Importer(815301076,1909f56bfc062723c751e8b465ee728b)
Start importing Assets/WaypointManagerScript.cs using Guid(9fc0c5ea95b94e6428cd226d94f12af5) Importer(815301076,1909f56bfc062723c751e8b465ee728b)  -> (artifact id: '79a923a2ae9aae811def8c9525a3e816') in 0.012370 seconds
  Import took 0.017328 seconds .

========================================================================
Received Import Request.
  Time since last request: 0.002646 seconds.
  path: Assets/WaypointManagerScript.cs
  artifactKey: Guid(9fc0c5ea95b94e6428cd226d94f12af5) Importer(815301076,1909f56bfc062723c751e8b465ee728b)
Start importing Assets/WaypointManagerScript.cs using Guid(9fc0c5ea95b94e6428cd226d94f12af5) Importer(815301076,1909f56bfc062723c751e8b465ee728b)  -> (artifact id: '79a923a2ae9aae811def8c9525a3e816') in 0.005142 seconds
  Import took 0.009025 seconds .

========================================================================
Received Prepare
Registering precompiled user dll's ...
Registered in 0.003190 seconds.
Begin MonoManager ReloadAssembly
Native extension for WindowsStandalone target not found
Native extension for WebGL target not found
Refreshing native plugins compatible for Editor in 1.07 ms, found 0 plugins.
Preloading 0 native plugins for Editor in 0.00 ms.
Mono: successfully reloaded assembly
- Completed reload, in  1.652 seconds
Platform modules already initialized, skipping
Refreshing native plugins compatible for Editor in 1.04 ms, found 0 plugins.
Preloading 0 native plugins for Editor in 0.00 ms.
Unloading 1712 Unused Serialized files (Serialized files now loaded: 0)
System memory in use before: 78.0 MB.
System memory in use after: 78.1 MB.

Unloading 40 unused Assets to reduce memory usage. Loaded Objects now: 2154.
Total: 9.407300 ms (FindLiveObjects: 0.267800 ms CreateObjectMapping: 0.080100 ms MarkObjects: 9.010100 ms  DeleteObjects: 0.047300 ms)

AssetImportWorkerClient::OnTransportError - code=2 error=End of file
